VM176:63 Download the React DevTools for a better development experience: https://react.dev/link/react-devtools
VM176:63 Starting login process...
VM176:63 Generating proof with Noir...
VM176:63 🔐 Generating ZK proof for BRACU email...
VM176:63 ⚡ Initializing Noir WASM...
VM176:63 using deprecated parameters for the initialization function; pass a single object instead
console.<computed> @ VM176:63
__wbg_init @ chunk-44AFW5I6.js?v=bc4d5e02:760
generateBRACUProof @ zk-prover.ts:79
login @ ZKAuthProvider.tsx:49
await in login
reader.onload @ AuthPage.tsx:47
FileReader
handleFileUpload @ AuthPage.tsx:54
handleFileInputChange @ AuthPage.tsx:60
executeDispatch @ react-dom_client.js?v=bc4d5e02:25651
runWithFiberInDEV @ react-dom_client.js?v=bc4d5e02:13026
processDispatchQueue @ react-dom_client.js?v=bc4d5e02:25687
(anonymous) @ react-dom_client.js?v=bc4d5e02:26100
batchedUpdates$1 @ react-dom_client.js?v=bc4d5e02:14655
dispatchEventForPluginEventSystem @ react-dom_client.js?v=bc4d5e02:25792
dispatchEvent @ react-dom_client.js?v=bc4d5e02:28813
dispatchDiscreteEvent @ react-dom_client.js?v=bc4d5e02:28794
<input>
exports.jsxDEV @ react_jsx-dev-runtime.js?v=bc4d5e02:269
AuthPage @ AuthPage.tsx:263
react_stack_bottom_frame @ react-dom_client.js?v=bc4d5e02:30538
renderWithHooksAgain @ react-dom_client.js?v=bc4d5e02:17758
renderWithHooks @ react-dom_client.js?v=bc4d5e02:17694
updateFunctionComponent @ react-dom_client.js?v=bc4d5e02:19504
beginWork @ react-dom_client.js?v=bc4d5e02:20554
runWithFiberInDEV @ react-dom_client.js?v=bc4d5e02:13026
performUnitOfWork @ react-dom_client.js?v=bc4d5e02:24590
workLoopSync @ react-dom_client.js?v=bc4d5e02:24453
renderRootSync @ react-dom_client.js?v=bc4d5e02:24437
performWorkOnRoot @ react-dom_client.js?v=bc4d5e02:23795
performSyncWorkOnRoot @ react-dom_client.js?v=bc4d5e02:25546
flushSyncWorkAcrossRoots_impl @ react-dom_client.js?v=bc4d5e02:25443
processRootScheduleInMicrotask @ react-dom_client.js?v=bc4d5e02:25466
(anonymous) @ react-dom_client.js?v=bc4d5e02:25560
<AuthPage>
exports.jsxDEV @ react_jsx-dev-runtime.js?v=bc4d5e02:269
AppContent @ App.tsx:15
react_stack_bottom_frame @ react-dom_client.js?v=bc4d5e02:30538
renderWithHooksAgain @ react-dom_client.js?v=bc4d5e02:17758
renderWithHooks @ react-dom_client.js?v=bc4d5e02:17694
updateFunctionComponent @ react-dom_client.js?v=bc4d5e02:19504
beginWork @ react-dom_client.js?v=bc4d5e02:20554
runWithFiberInDEV @ react-dom_client.js?v=bc4d5e02:13026
performUnitOfWork @ react-dom_client.js?v=bc4d5e02:24590
workLoopSync @ react-dom_client.js?v=bc4d5e02:24453
renderRootSync @ react-dom_client.js?v=bc4d5e02:24437
performWorkOnRoot @ react-dom_client.js?v=bc4d5e02:23795
performWorkOnRootViaSchedulerTask @ react-dom_client.js?v=bc4d5e02:25534
performWorkUntilDeadline @ react-dom_client.js?v=bc4d5e02:321
<AppContent>
exports.jsxDEV @ react_jsx-dev-runtime.js?v=bc4d5e02:269
App @ App.tsx:29
react_stack_bottom_frame @ react-dom_client.js?v=bc4d5e02:30538
renderWithHooksAgain @ react-dom_client.js?v=bc4d5e02:17758
renderWithHooks @ react-dom_client.js?v=bc4d5e02:17694
updateFunctionComponent @ react-dom_client.js?v=bc4d5e02:19504
beginWork @ react-dom_client.js?v=bc4d5e02:20554
runWithFiberInDEV @ react-dom_client.js?v=bc4d5e02:13026
performUnitOfWork @ react-dom_client.js?v=bc4d5e02:24590
workLoopSync @ react-dom_client.js?v=bc4d5e02:24453
renderRootSync @ react-dom_client.js?v=bc4d5e02:24437
performWorkOnRoot @ react-dom_client.js?v=bc4d5e02:23795
performWorkOnRootViaSchedulerTask @ react-dom_client.js?v=bc4d5e02:25534
performWorkUntilDeadline @ react-dom_client.js?v=bc4d5e02:321
<App>
exports.jsxDEV @ react_jsx-dev-runtime.js?v=bc4d5e02:269
(anonymous) @ main.tsx:8
VM176:63 using deprecated parameters for the initialization function; pass a single object instead
console.<computed> @ VM176:63
__wbg_init @ chunk-4UX44KA7.js?v=bc4d5e02:320
generateBRACUProof @ zk-prover.ts:80
login @ ZKAuthProvider.tsx:49
await in login
reader.onload @ AuthPage.tsx:47
FileReader
handleFileUpload @ AuthPage.tsx:54
handleFileInputChange @ AuthPage.tsx:60
executeDispatch @ react-dom_client.js?v=bc4d5e02:25651
runWithFiberInDEV @ react-dom_client.js?v=bc4d5e02:13026
processDispatchQueue @ react-dom_client.js?v=bc4d5e02:25687
(anonymous) @ react-dom_client.js?v=bc4d5e02:26100
batchedUpdates$1 @ react-dom_client.js?v=bc4d5e02:14655
dispatchEventForPluginEventSystem @ react-dom_client.js?v=bc4d5e02:25792
dispatchEvent @ react-dom_client.js?v=bc4d5e02:28813
dispatchDiscreteEvent @ react-dom_client.js?v=bc4d5e02:28794
<input>
exports.jsxDEV @ react_jsx-dev-runtime.js?v=bc4d5e02:269
AuthPage @ AuthPage.tsx:263
react_stack_bottom_frame @ react-dom_client.js?v=bc4d5e02:30538
renderWithHooksAgain @ react-dom_client.js?v=bc4d5e02:17758
renderWithHooks @ react-dom_client.js?v=bc4d5e02:17694
updateFunctionComponent @ react-dom_client.js?v=bc4d5e02:19504
beginWork @ react-dom_client.js?v=bc4d5e02:20554
runWithFiberInDEV @ react-dom_client.js?v=bc4d5e02:13026
performUnitOfWork @ react-dom_client.js?v=bc4d5e02:24590
workLoopSync @ react-dom_client.js?v=bc4d5e02:24453
renderRootSync @ react-dom_client.js?v=bc4d5e02:24437
performWorkOnRoot @ react-dom_client.js?v=bc4d5e02:23795
performSyncWorkOnRoot @ react-dom_client.js?v=bc4d5e02:25546
flushSyncWorkAcrossRoots_impl @ react-dom_client.js?v=bc4d5e02:25443
processRootScheduleInMicrotask @ react-dom_client.js?v=bc4d5e02:25466
(anonymous) @ react-dom_client.js?v=bc4d5e02:25560
<AuthPage>
exports.jsxDEV @ react_jsx-dev-runtime.js?v=bc4d5e02:269
AppContent @ App.tsx:15
react_stack_bottom_frame @ react-dom_client.js?v=bc4d5e02:30538
renderWithHooksAgain @ react-dom_client.js?v=bc4d5e02:17758
renderWithHooks @ react-dom_client.js?v=bc4d5e02:17694
updateFunctionComponent @ react-dom_client.js?v=bc4d5e02:19504
beginWork @ react-dom_client.js?v=bc4d5e02:20554
runWithFiberInDEV @ react-dom_client.js?v=bc4d5e02:13026
performUnitOfWork @ react-dom_client.js?v=bc4d5e02:24590
workLoopSync @ react-dom_client.js?v=bc4d5e02:24453
renderRootSync @ react-dom_client.js?v=bc4d5e02:24437
performWorkOnRoot @ react-dom_client.js?v=bc4d5e02:23795
performWorkOnRootViaSchedulerTask @ react-dom_client.js?v=bc4d5e02:25534
performWorkUntilDeadline @ react-dom_client.js?v=bc4d5e02:321
<AppContent>
exports.jsxDEV @ react_jsx-dev-runtime.js?v=bc4d5e02:269
App @ App.tsx:29
react_stack_bottom_frame @ react-dom_client.js?v=bc4d5e02:30538
renderWithHooksAgain @ react-dom_client.js?v=bc4d5e02:17758
renderWithHooks @ react-dom_client.js?v=bc4d5e02:17694
updateFunctionComponent @ react-dom_client.js?v=bc4d5e02:19504
beginWork @ react-dom_client.js?v=bc4d5e02:20554
runWithFiberInDEV @ react-dom_client.js?v=bc4d5e02:13026
performUnitOfWork @ react-dom_client.js?v=bc4d5e02:24590
workLoopSync @ react-dom_client.js?v=bc4d5e02:24453
renderRootSync @ react-dom_client.js?v=bc4d5e02:24437
performWorkOnRoot @ react-dom_client.js?v=bc4d5e02:23795
performWorkOnRootViaSchedulerTask @ react-dom_client.js?v=bc4d5e02:25534
performWorkUntilDeadline @ react-dom_client.js?v=bc4d5e02:321
<App>
exports.jsxDEV @ react_jsx-dev-runtime.js?v=bc4d5e02:269
(anonymous) @ main.tsx:8
VM176:63 ✅ Noir WASM initialized
VM176:63 📧 Parsing email and extracting DKIM data...
VM176:63 Module "vm" has been externalized for browser compatibility. Cannot access "vm.runInThisContext" in client code. See https://vite.dev/guide/troubleshooting.html#module-externalized-for-browser-compatibility for more details.
console.<computed> @ VM176:63
get @ @zk-email_zkemail-nr.js?v=bc4d5e02:38815
createNamed @ @zk-email_zkemail-nr.js?v=bc4d5e02:38843
_getDecoder @ @zk-email_zkemail-nr.js?v=bc4d5e02:38860
decode4 @ @zk-email_zkemail-nr.js?v=bc4d5e02:38864
parseKeys @ @zk-email_zkemail-nr.js?v=bc4d5e02:40624
verify3 @ @zk-email_zkemail-nr.js?v=bc4d5e02:40879
verifyMethod @ @zk-email_zkemail-nr.js?v=bc4d5e02:41026
finalChunk @ @zk-email_zkemail-nr.js?v=bc4d5e02:86676
await in finalChunk
finish @ @zk-email_zkemail-nr.js?v=bc4d5e02:85983
_final @ @zk-email_zkemail-nr.js?v=bc4d5e02:85990
callFinal @ @zk-email_zkemail-nr.js?v=bc4d5e02:8432
Item.run @ vite-plugin-node-polyfills_shims_process.js?v=bc4d5e02:145
drainQueue @ vite-plugin-node-polyfills_shims_process.js?v=bc4d5e02:118
setTimeout
runTimeout @ vite-plugin-node-polyfills_shims_process.js?v=bc4d5e02:54
process.nextTick @ vite-plugin-node-polyfills_shims_process.js?v=bc4d5e02:137
prefinish @ @zk-email_zkemail-nr.js?v=bc4d5e02:8447
finishMaybe @ @zk-email_zkemail-nr.js?v=bc4d5e02:8457
endWritable @ @zk-email_zkemail-nr.js?v=bc4d5e02:8473
Writable.end @ @zk-email_zkemail-nr.js?v=bc4d5e02:8416
writeChunk @ @zk-email_zkemail-nr.js?v=bc4d5e02:85584
run @ @zk-email_zkemail-nr.js?v=bc4d5e02:84874
runIfPresent @ @zk-email_zkemail-nr.js?v=bc4d5e02:84898
onGlobalMessage @ @zk-email_zkemail-nr.js?v=bc4d5e02:84929
postMessage
registerImmediate @ @zk-email_zkemail-nr.js?v=bc4d5e02:84938
setImmediate2 @ @zk-email_zkemail-nr.js?v=bc4d5e02:84863
writeChunk @ @zk-email_zkemail-nr.js?v=bc4d5e02:85597
run @ @zk-email_zkemail-nr.js?v=bc4d5e02:84874
runIfPresent @ @zk-email_zkemail-nr.js?v=bc4d5e02:84898
onGlobalMessage @ @zk-email_zkemail-nr.js?v=bc4d5e02:84929
postMessage
registerImmediate @ @zk-email_zkemail-nr.js?v=bc4d5e02:84938
setImmediate2 @ @zk-email_zkemail-nr.js?v=bc4d5e02:84863
(anonymous) @ @zk-email_zkemail-nr.js?v=bc4d5e02:85599
writeToStream @ @zk-email_zkemail-nr.js?v=bc4d5e02:85575
tryVerifyDKIM @ @zk-email_zkemail-nr.js?v=bc4d5e02:87031
verifyDKIMSignature @ @zk-email_zkemail-nr.js?v=bc4d5e02:86980
generateEmailVerifierInputs @ @zk-email_zkemail-nr.js?v=bc4d5e02:153709
generateEmailVerifierInputs @ email-parser.ts:46
generateBRACUProof @ zk-prover.ts:90
await in generateBRACUProof
login @ ZKAuthProvider.tsx:49
await in login
reader.onload @ AuthPage.tsx:47
FileReader
handleFileUpload @ AuthPage.tsx:54
handleFileInputChange @ AuthPage.tsx:60
executeDispatch @ react-dom_client.js?v=bc4d5e02:25651
runWithFiberInDEV @ react-dom_client.js?v=bc4d5e02:13026
processDispatchQueue @ react-dom_client.js?v=bc4d5e02:25687
(anonymous) @ react-dom_client.js?v=bc4d5e02:26100
batchedUpdates$1 @ react-dom_client.js?v=bc4d5e02:14655
dispatchEventForPluginEventSystem @ react-dom_client.js?v=bc4d5e02:25792
dispatchEvent @ react-dom_client.js?v=bc4d5e02:28813
dispatchDiscreteEvent @ react-dom_client.js?v=bc4d5e02:28794
<input>
exports.jsxDEV @ react_jsx-dev-runtime.js?v=bc4d5e02:269
AuthPage @ AuthPage.tsx:263
react_stack_bottom_frame @ react-dom_client.js?v=bc4d5e02:30538
renderWithHooksAgain @ react-dom_client.js?v=bc4d5e02:17758
renderWithHooks @ react-dom_client.js?v=bc4d5e02:17694
updateFunctionComponent @ react-dom_client.js?v=bc4d5e02:19504
beginWork @ react-dom_client.js?v=bc4d5e02:20554
runWithFiberInDEV @ react-dom_client.js?v=bc4d5e02:13026
performUnitOfWork @ react-dom_client.js?v=bc4d5e02:24590
workLoopSync @ react-dom_client.js?v=bc4d5e02:24453
renderRootSync @ react-dom_client.js?v=bc4d5e02:24437
performWorkOnRoot @ react-dom_client.js?v=bc4d5e02:23795
performSyncWorkOnRoot @ react-dom_client.js?v=bc4d5e02:25546
flushSyncWorkAcrossRoots_impl @ react-dom_client.js?v=bc4d5e02:25443
processRootScheduleInMicrotask @ react-dom_client.js?v=bc4d5e02:25466
(anonymous) @ react-dom_client.js?v=bc4d5e02:25560
<AuthPage>
exports.jsxDEV @ react_jsx-dev-runtime.js?v=bc4d5e02:269
AppContent @ App.tsx:15
react_stack_bottom_frame @ react-dom_client.js?v=bc4d5e02:30538
renderWithHooksAgain @ react-dom_client.js?v=bc4d5e02:17758
renderWithHooks @ react-dom_client.js?v=bc4d5e02:17694
updateFunctionComponent @ react-dom_client.js?v=bc4d5e02:19504
beginWork @ react-dom_client.js?v=bc4d5e02:20554
runWithFiberInDEV @ react-dom_client.js?v=bc4d5e02:13026
performUnitOfWork @ react-dom_client.js?v=bc4d5e02:24590
workLoopSync @ react-dom_client.js?v=bc4d5e02:24453
renderRootSync @ react-dom_client.js?v=bc4d5e02:24437
performWorkOnRoot @ react-dom_client.js?v=bc4d5e02:23795
performWorkOnRootViaSchedulerTask @ react-dom_client.js?v=bc4d5e02:25534
performWorkUntilDeadline @ react-dom_client.js?v=bc4d5e02:321
<AppContent>
exports.jsxDEV @ react_jsx-dev-runtime.js?v=bc4d5e02:269
App @ App.tsx:29
react_stack_bottom_frame @ react-dom_client.js?v=bc4d5e02:30538
renderWithHooksAgain @ react-dom_client.js?v=bc4d5e02:17758
renderWithHooks @ react-dom_client.js?v=bc4d5e02:17694
updateFunctionComponent @ react-dom_client.js?v=bc4d5e02:19504
beginWork @ react-dom_client.js?v=bc4d5e02:20554
runWithFiberInDEV @ react-dom_client.js?v=bc4d5e02:13026
performUnitOfWork @ react-dom_client.js?v=bc4d5e02:24590
workLoopSync @ react-dom_client.js?v=bc4d5e02:24453
renderRootSync @ react-dom_client.js?v=bc4d5e02:24437
performWorkOnRoot @ react-dom_client.js?v=bc4d5e02:23795
performWorkOnRootViaSchedulerTask @ react-dom_client.js?v=bc4d5e02:25534
performWorkUntilDeadline @ react-dom_client.js?v=bc4d5e02:321
<App>
exports.jsxDEV @ react_jsx-dev-runtime.js?v=bc4d5e02:269
(anonymous) @ main.tsx:8
VM176:63 Module "vm" has been externalized for browser compatibility. Cannot access "vm.runInThisContext" in client code. See https://vite.dev/guide/troubleshooting.html#module-externalized-for-browser-compatibility for more details.
console.<computed> @ VM176:63
get @ @zk-email_zkemail-nr.js?v=bc4d5e02:38815
createNamed @ @zk-email_zkemail-nr.js?v=bc4d5e02:38843
_getDecoder @ @zk-email_zkemail-nr.js?v=bc4d5e02:38860
use @ @zk-email_zkemail-nr.js?v=bc4d5e02:39918
_getUse @ @zk-email_zkemail-nr.js?v=bc4d5e02:39463
decodeGeneric @ @zk-email_zkemail-nr.js?v=bc4d5e02:39456
decode4 @ @zk-email_zkemail-nr.js?v=bc4d5e02:39410
decodeChildren @ @zk-email_zkemail-nr.js?v=bc4d5e02:39417
decode4 @ @zk-email_zkemail-nr.js?v=bc4d5e02:39416
decode4 @ @zk-email_zkemail-nr.js?v=bc4d5e02:39345
decode4 @ @zk-email_zkemail-nr.js?v=bc4d5e02:39728
decode4 @ @zk-email_zkemail-nr.js?v=bc4d5e02:38864
parseKeys @ @zk-email_zkemail-nr.js?v=bc4d5e02:40624
verify3 @ @zk-email_zkemail-nr.js?v=bc4d5e02:40879
verifyMethod @ @zk-email_zkemail-nr.js?v=bc4d5e02:41026
finalChunk @ @zk-email_zkemail-nr.js?v=bc4d5e02:86676
await in finalChunk
finish @ @zk-email_zkemail-nr.js?v=bc4d5e02:85983
_final @ @zk-email_zkemail-nr.js?v=bc4d5e02:85990
callFinal @ @zk-email_zkemail-nr.js?v=bc4d5e02:8432
Item.run @ vite-plugin-node-polyfills_shims_process.js?v=bc4d5e02:145
drainQueue @ vite-plugin-node-polyfills_shims_process.js?v=bc4d5e02:118
setTimeout
runTimeout @ vite-plugin-node-polyfills_shims_process.js?v=bc4d5e02:54
process.nextTick @ vite-plugin-node-polyfills_shims_process.js?v=bc4d5e02:137
prefinish @ @zk-email_zkemail-nr.js?v=bc4d5e02:8447
finishMaybe @ @zk-email_zkemail-nr.js?v=bc4d5e02:8457
endWritable @ @zk-email_zkemail-nr.js?v=bc4d5e02:8473
Writable.end @ @zk-email_zkemail-nr.js?v=bc4d5e02:8416
writeChunk @ @zk-email_zkemail-nr.js?v=bc4d5e02:85584
run @ @zk-email_zkemail-nr.js?v=bc4d5e02:84874
runIfPresent @ @zk-email_zkemail-nr.js?v=bc4d5e02:84898
onGlobalMessage @ @zk-email_zkemail-nr.js?v=bc4d5e02:84929
postMessage
registerImmediate @ @zk-email_zkemail-nr.js?v=bc4d5e02:84938
setImmediate2 @ @zk-email_zkemail-nr.js?v=bc4d5e02:84863
writeChunk @ @zk-email_zkemail-nr.js?v=bc4d5e02:85597
run @ @zk-email_zkemail-nr.js?v=bc4d5e02:84874
runIfPresent @ @zk-email_zkemail-nr.js?v=bc4d5e02:84898
onGlobalMessage @ @zk-email_zkemail-nr.js?v=bc4d5e02:84929
postMessage
registerImmediate @ @zk-email_zkemail-nr.js?v=bc4d5e02:84938
setImmediate2 @ @zk-email_zkemail-nr.js?v=bc4d5e02:84863
(anonymous) @ @zk-email_zkemail-nr.js?v=bc4d5e02:85599
writeToStream @ @zk-email_zkemail-nr.js?v=bc4d5e02:85575
tryVerifyDKIM @ @zk-email_zkemail-nr.js?v=bc4d5e02:87031
verifyDKIMSignature @ @zk-email_zkemail-nr.js?v=bc4d5e02:86980
generateEmailVerifierInputs @ @zk-email_zkemail-nr.js?v=bc4d5e02:153709
generateEmailVerifierInputs @ email-parser.ts:46
generateBRACUProof @ zk-prover.ts:90
await in generateBRACUProof
login @ ZKAuthProvider.tsx:49
await in login
reader.onload @ AuthPage.tsx:47
FileReader
handleFileUpload @ AuthPage.tsx:54
handleFileInputChange @ AuthPage.tsx:60
executeDispatch @ react-dom_client.js?v=bc4d5e02:25651
runWithFiberInDEV @ react-dom_client.js?v=bc4d5e02:13026
processDispatchQueue @ react-dom_client.js?v=bc4d5e02:25687
(anonymous) @ react-dom_client.js?v=bc4d5e02:26100
batchedUpdates$1 @ react-dom_client.js?v=bc4d5e02:14655
dispatchEventForPluginEventSystem @ react-dom_client.js?v=bc4d5e02:25792
dispatchEvent @ react-dom_client.js?v=bc4d5e02:28813
dispatchDiscreteEvent @ react-dom_client.js?v=bc4d5e02:28794
<input>
exports.jsxDEV @ react_jsx-dev-runtime.js?v=bc4d5e02:269
AuthPage @ AuthPage.tsx:263
react_stack_bottom_frame @ react-dom_client.js?v=bc4d5e02:30538
renderWithHooksAgain @ react-dom_client.js?v=bc4d5e02:17758
renderWithHooks @ react-dom_client.js?v=bc4d5e02:17694
updateFunctionComponent @ react-dom_client.js?v=bc4d5e02:19504
beginWork @ react-dom_client.js?v=bc4d5e02:20554
runWithFiberInDEV @ react-dom_client.js?v=bc4d5e02:13026
performUnitOfWork @ react-dom_client.js?v=bc4d5e02:24590
workLoopSync @ react-dom_client.js?v=bc4d5e02:24453
renderRootSync @ react-dom_client.js?v=bc4d5e02:24437
performWorkOnRoot @ react-dom_client.js?v=bc4d5e02:23795
performSyncWorkOnRoot @ react-dom_client.js?v=bc4d5e02:25546
flushSyncWorkAcrossRoots_impl @ react-dom_client.js?v=bc4d5e02:25443
processRootScheduleInMicrotask @ react-dom_client.js?v=bc4d5e02:25466
(anonymous) @ react-dom_client.js?v=bc4d5e02:25560
<AuthPage>
exports.jsxDEV @ react_jsx-dev-runtime.js?v=bc4d5e02:269
AppContent @ App.tsx:15
react_stack_bottom_frame @ react-dom_client.js?v=bc4d5e02:30538
renderWithHooksAgain @ react-dom_client.js?v=bc4d5e02:17758
renderWithHooks @ react-dom_client.js?v=bc4d5e02:17694
updateFunctionComponent @ react-dom_client.js?v=bc4d5e02:19504
beginWork @ react-dom_client.js?v=bc4d5e02:20554
runWithFiberInDEV @ react-dom_client.js?v=bc4d5e02:13026
performUnitOfWork @ react-dom_client.js?v=bc4d5e02:24590
workLoopSync @ react-dom_client.js?v=bc4d5e02:24453
renderRootSync @ react-dom_client.js?v=bc4d5e02:24437
performWorkOnRoot @ react-dom_client.js?v=bc4d5e02:23795
performWorkOnRootViaSchedulerTask @ react-dom_client.js?v=bc4d5e02:25534
performWorkUntilDeadline @ react-dom_client.js?v=bc4d5e02:321
<AppContent>
exports.jsxDEV @ react_jsx-dev-runtime.js?v=bc4d5e02:269
App @ App.tsx:29
react_stack_bottom_frame @ react-dom_client.js?v=bc4d5e02:30538
renderWithHooksAgain @ react-dom_client.js?v=bc4d5e02:17758
renderWithHooks @ react-dom_client.js?v=bc4d5e02:17694
updateFunctionComponent @ react-dom_client.js?v=bc4d5e02:19504
beginWork @ react-dom_client.js?v=bc4d5e02:20554
runWithFiberInDEV @ react-dom_client.js?v=bc4d5e02:13026
performUnitOfWork @ react-dom_client.js?v=bc4d5e02:24590
workLoopSync @ react-dom_client.js?v=bc4d5e02:24453
renderRootSync @ react-dom_client.js?v=bc4d5e02:24437
performWorkOnRoot @ react-dom_client.js?v=bc4d5e02:23795
performWorkOnRootViaSchedulerTask @ react-dom_client.js?v=bc4d5e02:25534
performWorkUntilDeadline @ react-dom_client.js?v=bc4d5e02:321
<App>
exports.jsxDEV @ react_jsx-dev-runtime.js?v=bc4d5e02:269
(anonymous) @ main.tsx:8
VM176:63 Module "vm" has been externalized for browser compatibility. Cannot access "vm.runInThisContext" in client code. See https://vite.dev/guide/troubleshooting.html#module-externalized-for-browser-compatibility for more details.
console.<computed> @ VM176:63
get @ @zk-email_zkemail-nr.js?v=bc4d5e02:38815
createNamed @ @zk-email_zkemail-nr.js?v=bc4d5e02:38843
_getDecoder @ @zk-email_zkemail-nr.js?v=bc4d5e02:38860
decode4 @ @zk-email_zkemail-nr.js?v=bc4d5e02:38864
parseKeys @ @zk-email_zkemail-nr.js?v=bc4d5e02:40629
verify3 @ @zk-email_zkemail-nr.js?v=bc4d5e02:40879
verifyMethod @ @zk-email_zkemail-nr.js?v=bc4d5e02:41026
finalChunk @ @zk-email_zkemail-nr.js?v=bc4d5e02:86676
await in finalChunk
finish @ @zk-email_zkemail-nr.js?v=bc4d5e02:85983
_final @ @zk-email_zkemail-nr.js?v=bc4d5e02:85990
callFinal @ @zk-email_zkemail-nr.js?v=bc4d5e02:8432
Item.run @ vite-plugin-node-polyfills_shims_process.js?v=bc4d5e02:145
drainQueue @ vite-plugin-node-polyfills_shims_process.js?v=bc4d5e02:118
setTimeout
runTimeout @ vite-plugin-node-polyfills_shims_process.js?v=bc4d5e02:54
process.nextTick @ vite-plugin-node-polyfills_shims_process.js?v=bc4d5e02:137
prefinish @ @zk-email_zkemail-nr.js?v=bc4d5e02:8447
finishMaybe @ @zk-email_zkemail-nr.js?v=bc4d5e02:8457
endWritable @ @zk-email_zkemail-nr.js?v=bc4d5e02:8473
Writable.end @ @zk-email_zkemail-nr.js?v=bc4d5e02:8416
writeChunk @ @zk-email_zkemail-nr.js?v=bc4d5e02:85584
run @ @zk-email_zkemail-nr.js?v=bc4d5e02:84874
runIfPresent @ @zk-email_zkemail-nr.js?v=bc4d5e02:84898
onGlobalMessage @ @zk-email_zkemail-nr.js?v=bc4d5e02:84929
postMessage
registerImmediate @ @zk-email_zkemail-nr.js?v=bc4d5e02:84938
setImmediate2 @ @zk-email_zkemail-nr.js?v=bc4d5e02:84863
writeChunk @ @zk-email_zkemail-nr.js?v=bc4d5e02:85597
run @ @zk-email_zkemail-nr.js?v=bc4d5e02:84874
runIfPresent @ @zk-email_zkemail-nr.js?v=bc4d5e02:84898
onGlobalMessage @ @zk-email_zkemail-nr.js?v=bc4d5e02:84929
postMessage
registerImmediate @ @zk-email_zkemail-nr.js?v=bc4d5e02:84938
setImmediate2 @ @zk-email_zkemail-nr.js?v=bc4d5e02:84863
(anonymous) @ @zk-email_zkemail-nr.js?v=bc4d5e02:85599
writeToStream @ @zk-email_zkemail-nr.js?v=bc4d5e02:85575
tryVerifyDKIM @ @zk-email_zkemail-nr.js?v=bc4d5e02:87031
verifyDKIMSignature @ @zk-email_zkemail-nr.js?v=bc4d5e02:86980
generateEmailVerifierInputs @ @zk-email_zkemail-nr.js?v=bc4d5e02:153709
generateEmailVerifierInputs @ email-parser.ts:46
generateBRACUProof @ zk-prover.ts:90
await in generateBRACUProof
login @ ZKAuthProvider.tsx:49
await in login
reader.onload @ AuthPage.tsx:47
FileReader
handleFileUpload @ AuthPage.tsx:54
handleFileInputChange @ AuthPage.tsx:60
executeDispatch @ react-dom_client.js?v=bc4d5e02:25651
runWithFiberInDEV @ react-dom_client.js?v=bc4d5e02:13026
processDispatchQueue @ react-dom_client.js?v=bc4d5e02:25687
(anonymous) @ react-dom_client.js?v=bc4d5e02:26100
batchedUpdates$1 @ react-dom_client.js?v=bc4d5e02:14655
dispatchEventForPluginEventSystem @ react-dom_client.js?v=bc4d5e02:25792
dispatchEvent @ react-dom_client.js?v=bc4d5e02:28813
dispatchDiscreteEvent @ react-dom_client.js?v=bc4d5e02:28794
<input>
exports.jsxDEV @ react_jsx-dev-runtime.js?v=bc4d5e02:269
AuthPage @ AuthPage.tsx:263
react_stack_bottom_frame @ react-dom_client.js?v=bc4d5e02:30538
renderWithHooksAgain @ react-dom_client.js?v=bc4d5e02:17758
renderWithHooks @ react-dom_client.js?v=bc4d5e02:17694
updateFunctionComponent @ react-dom_client.js?v=bc4d5e02:19504
beginWork @ react-dom_client.js?v=bc4d5e02:20554
runWithFiberInDEV @ react-dom_client.js?v=bc4d5e02:13026
performUnitOfWork @ react-dom_client.js?v=bc4d5e02:24590
workLoopSync @ react-dom_client.js?v=bc4d5e02:24453
renderRootSync @ react-dom_client.js?v=bc4d5e02:24437
performWorkOnRoot @ react-dom_client.js?v=bc4d5e02:23795
performSyncWorkOnRoot @ react-dom_client.js?v=bc4d5e02:25546
flushSyncWorkAcrossRoots_impl @ react-dom_client.js?v=bc4d5e02:25443
processRootScheduleInMicrotask @ react-dom_client.js?v=bc4d5e02:25466
(anonymous) @ react-dom_client.js?v=bc4d5e02:25560
<AuthPage>
exports.jsxDEV @ react_jsx-dev-runtime.js?v=bc4d5e02:269
AppContent @ App.tsx:15
react_stack_bottom_frame @ react-dom_client.js?v=bc4d5e02:30538
renderWithHooksAgain @ react-dom_client.js?v=bc4d5e02:17758
renderWithHooks @ react-dom_client.js?v=bc4d5e02:17694
updateFunctionComponent @ react-dom_client.js?v=bc4d5e02:19504
beginWork @ react-dom_client.js?v=bc4d5e02:20554
runWithFiberInDEV @ react-dom_client.js?v=bc4d5e02:13026
performUnitOfWork @ react-dom_client.js?v=bc4d5e02:24590
workLoopSync @ react-dom_client.js?v=bc4d5e02:24453
renderRootSync @ react-dom_client.js?v=bc4d5e02:24437
performWorkOnRoot @ react-dom_client.js?v=bc4d5e02:23795
performWorkOnRootViaSchedulerTask @ react-dom_client.js?v=bc4d5e02:25534
performWorkUntilDeadline @ react-dom_client.js?v=bc4d5e02:321
<AppContent>
exports.jsxDEV @ react_jsx-dev-runtime.js?v=bc4d5e02:269
App @ App.tsx:29
react_stack_bottom_frame @ react-dom_client.js?v=bc4d5e02:30538
renderWithHooksAgain @ react-dom_client.js?v=bc4d5e02:17758
renderWithHooks @ react-dom_client.js?v=bc4d5e02:17694
updateFunctionComponent @ react-dom_client.js?v=bc4d5e02:19504
beginWork @ react-dom_client.js?v=bc4d5e02:20554
runWithFiberInDEV @ react-dom_client.js?v=bc4d5e02:13026
performUnitOfWork @ react-dom_client.js?v=bc4d5e02:24590
workLoopSync @ react-dom_client.js?v=bc4d5e02:24453
renderRootSync @ react-dom_client.js?v=bc4d5e02:24437
performWorkOnRoot @ react-dom_client.js?v=bc4d5e02:23795
performWorkOnRootViaSchedulerTask @ react-dom_client.js?v=bc4d5e02:25534
performWorkUntilDeadline @ react-dom_client.js?v=bc4d5e02:321
<App>
exports.jsxDEV @ react_jsx-dev-runtime.js?v=bc4d5e02:269
(anonymous) @ main.tsx:8
VM176:63 Formatting circuit inputs with strict types... Input keys: (11) ['emailHeader', 'emailHeaderLength', 'pubkey', 'pubkeyRedc', 'signature', 'fromHeaderIndex', 'fromHeaderLength', 'fromAddressIndex', 'fromAddressLength', 'fromEmailDomain', 'fromEmailAddress']
VM176:63 Recalculating Redc for 1024-bit key compatibility...
VM176:63 📊 Circuit Input Summary:
VM176:63   Header length: 2560
VM176:63   From header index: 1278
VM176:63   From header length: 88
VM176:63   From address index: 1338
VM176:63   From address length: 27
VM176:63   Pubkey modulus limbs: 18
VM176:63   Signature limbs: 18
VM176:63 ⚡ Executing circuit...
VM176:63 📋 Raw circuit inputs:
VM176:63    header.len: 2560
VM176:63    from_header_sequence.index: 1278
VM176:63    from_header_sequence.length: 88
VM176:63    from_address_sequence.index: 1338
VM176:63    from_address_sequence.length: 27
VM176:63    BRACU domain length: 13
VM176:63    Minimum required length: 15
VM176:63    Actual address length: 27
VM176:63    Is valid length: true
VM176:63 🔍 Header inspection:
VM176:63    Content at fromHeaderIndex (1278): "from:"'Office of the..."
VM176:63    Content at fromAddressIndex (1338): "bracu-student@g.brac..."
VM176:63 Login failed: Error: Circuit execution failed: attempt to subtract with overflow
    at imports.wbg.__wbg_constructor_3e5bc3dc79a9d0b5 (chunk-44AFW5I6.js?v=bc4d5e02:440:17)
    at acvm_js_bg.wasm:0xd6af6
    at acvm_js_bg.wasm:0x4ae82
    at acvm_js_bg.wasm:0xc8d00
    at acvm_js_bg.wasm:0xd34b6
    at acvm_js_bg.wasm:0xad6eb
    at acvm_js_bg.wasm:0xf4b8b
    at acvm_js_bg.wasm:0x14fc3e
    at acvm_js_bg.wasm:0x15325f
    at __wbg_adapter_30 (chunk-44AFW5I6.js?v=bc4d5e02:386:8)
console.<computed> @ VM176:63
login @ ZKAuthProvider.tsx:76
await in login
reader.onload @ AuthPage.tsx:47
FileReader
handleFileUpload @ AuthPage.tsx:54
handleFileInputChange @ AuthPage.tsx:60
executeDispatch @ react-dom_client.js?v=bc4d5e02:25651
runWithFiberInDEV @ react-dom_client.js?v=bc4d5e02:13026
processDispatchQueue @ react-dom_client.js?v=bc4d5e02:25687
(anonymous) @ react-dom_client.js?v=bc4d5e02:26100
batchedUpdates$1 @ react-dom_client.js?v=bc4d5e02:14655
dispatchEventForPluginEventSystem @ react-dom_client.js?v=bc4d5e02:25792
dispatchEvent @ react-dom_client.js?v=bc4d5e02:28813
dispatchDiscreteEvent @ react-dom_client.js?v=bc4d5e02:28794
<input>
exports.jsxDEV @ react_jsx-dev-runtime.js?v=bc4d5e02:269
AuthPage @ AuthPage.tsx:263
react_stack_bottom_frame @ react-dom_client.js?v=bc4d5e02:30538
renderWithHooksAgain @ react-dom_client.js?v=bc4d5e02:17758
renderWithHooks @ react-dom_client.js?v=bc4d5e02:17694
updateFunctionComponent @ react-dom_client.js?v=bc4d5e02:19504
beginWork @ react-dom_client.js?v=bc4d5e02:20554
runWithFiberInDEV @ react-dom_client.js?v=bc4d5e02:13026
performUnitOfWork @ react-dom_client.js?v=bc4d5e02:24590
workLoopSync @ react-dom_client.js?v=bc4d5e02:24453
renderRootSync @ react-dom_client.js?v=bc4d5e02:24437
performWorkOnRoot @ react-dom_client.js?v=bc4d5e02:23795
performSyncWorkOnRoot @ react-dom_client.js?v=bc4d5e02:25546
flushSyncWorkAcrossRoots_impl @ react-dom_client.js?v=bc4d5e02:25443
processRootScheduleInMicrotask @ react-dom_client.js?v=bc4d5e02:25466
(anonymous) @ react-dom_client.js?v=bc4d5e02:25560
<AuthPage>
exports.jsxDEV @ react_jsx-dev-runtime.js?v=bc4d5e02:269
AppContent @ App.tsx:15
react_stack_bottom_frame @ react-dom_client.js?v=bc4d5e02:30538
renderWithHooksAgain @ react-dom_client.js?v=bc4d5e02:17758
renderWithHooks @ react-dom_client.js?v=bc4d5e02:17694
updateFunctionComponent @ react-dom_client.js?v=bc4d5e02:19504
beginWork @ react-dom_client.js?v=bc4d5e02:20554
runWithFiberInDEV @ react-dom_client.js?v=bc4d5e02:13026
performUnitOfWork @ react-dom_client.js?v=bc4d5e02:24590
workLoopSync @ react-dom_client.js?v=bc4d5e02:24453
renderRootSync @ react-dom_client.js?v=bc4d5e02:24437
performWorkOnRoot @ react-dom_client.js?v=bc4d5e02:23795
performWorkOnRootViaSchedulerTask @ react-dom_client.js?v=bc4d5e02:25534
performWorkUntilDeadline @ react-dom_client.js?v=bc4d5e02:321
<AppContent>
exports.jsxDEV @ react_jsx-dev-runtime.js?v=bc4d5e02:269
App @ App.tsx:29
react_stack_bottom_frame @ react-dom_client.js?v=bc4d5e02:30538
renderWithHooksAgain @ react-dom_client.js?v=bc4d5e02:17758
renderWithHooks @ react-dom_client.js?v=bc4d5e02:17694
updateFunctionComponent @ react-dom_client.js?v=bc4d5e02:19504
beginWork @ react-dom_client.js?v=bc4d5e02:20554
runWithFiberInDEV @ react-dom_client.js?v=bc4d5e02:13026
performUnitOfWork @ react-dom_client.js?v=bc4d5e02:24590
workLoopSync @ react-dom_client.js?v=bc4d5e02:24453
renderRootSync @ react-dom_client.js?v=bc4d5e02:24437
performWorkOnRoot @ react-dom_client.js?v=bc4d5e02:23795
performWorkOnRootViaSchedulerTask @ react-dom_client.js?v=bc4d5e02:25534
performWorkUntilDeadline @ react-dom_client.js?v=bc4d5e02:321
<App>
exports.jsxDEV @ react_jsx-dev-runtime.js?v=bc4d5e02:269
(anonymous) @ main.tsx:8
